build/app/outputs/mapping/release/mapping.txt
# compiler: R8
# compiler_version: 1.5.64
# min_api: 21
# pg_map_id: c12c004
...
com.google.android.gms.internal.firebase_auth.zzei -> b.c.a.a.e.f.r2:
    com.google.firebase.auth.ActionCodeSettings zzc -> c
    java.lang.String zza -> a
    java.lang.String zzb -> b
com.google.android.gms.internal.firebase_auth.zzej -> b.c.a.a.e.f.s2:
com.google.android.gms.internal.firebase_auth.zzek -> b.c.a.a.e.f.t2:
    com.google.android.gms.common.api.Status zza -> a
    com.google.firebase.auth.zze zzb -> b
    java.lang.String zzc -> c
    java.lang.String zzd -> d
    com.google.android.gms.common.api.Status zza() -> f
    com.google.firebase.auth.zze zzb() -> g
    java.lang.String zzd() -> h
    java.lang.String zzc() -> x
com.google.android.gms.internal.firebase_auth.zzel -> b.c.a.a.e.f.u2:
com.google.android.gms.internal.firebase_auth.zzem -> b.c.a.a.e.f.v2:
    java.util.List zzb -> b
    java.lang.String zza -> a
    com.google.firebase.auth.zze zzc -> c
    java.lang.String zza() -> f
    com.google.firebase.auth.zze zzb() -> g
    java.util.List zzc() -> x
com.google.android.gms.internal.firebase_auth.zzep -> b.c.a.a.e.f.w2:
com.google.android.gms.internal.firebase_auth.zzeq -> b.c.a.a.e.f.x2:
    java.util.List zzf -> f
    java.lang.String zza -> a
    java.lang.String zzc -> c
    com.google.android.gms.internal.firebase_auth.zzga zze -> e
    boolean zzb -> b
    boolean zzd -> d
    java.util.List zzb() -> g
com.google.android.gms.internal.firebase_auth.zzez -> b.c.a.a.e.f.y2:
com.google.android.gms.internal.firebase_auth.zzf -> b.c.a.a.e.f.z2:
    com.google.android.gms.internal.firebase_auth.zzg zzb -> a
    com.google.android.gms.internal.firebase_auth.zzg zza() -> a
com.google.android.gms.internal.firebase_auth.zzfa -> b.c.a.a.e.f.a3:
    java.lang.String zzg -> g
    long zzj -> j
    long zzi -> i
    com.google.firebase.auth.zze zzl -> l
    java.lang.String zzh -> h
    boolean zzk -> k
    com.google.android.gms.internal.firebase_auth.zzfl zzf -> f
    java.lang.String zza -> a
    java.lang.String zzb -> b
    java.util.List zzm -> m
    boolean zzc -> c
    java.lang.String zze -> e
    java.lang.String zzd -> d
    long zzh() -> A
    boolean zzi() -> B
    java.util.List zzj() -> C
    com.google.firebase.auth.zze zzl() -> D
    java.util.List zzm() -> E
    java.lang.String zza() -> f
    boolean zzb() -> g
    java.lang.String zzd() -> h
    android.net.Uri zze() -> t
    java.lang.String zzc() -> x
    java.lang.String zzf() -> y
    long zzg() -> z
com.google.android.gms.internal.firebase_auth.zzff -> b.c.a.a.e.f.b3:
    java.lang.Long zzc -> c
    java.lang.String zza -> a
    java.lang.String zzb -> b
    java.lang.Long zze -> e
    java.lang.String zzd -> d
    void zza(java.lang.String) -> a
    com.google.android.gms.internal.firebase_auth.zzff zzb(java.lang.String) -> b
    boolean zzb() -> g
    java.lang.String zzd() -> h
    long zze() -> t
    java.lang.String zzc() -> x
    long zzg() -> y
    java.lang.String zzh() -> z
com.google.android.gms.internal.firebase_auth.zzfh -> b.c.a.a.e.f.c3:
    java.lang.String zza -> a
    long zzd -> d
    java.lang.String zzc -> c
    java.lang.String zzb -> b
    java.lang.String zza() -> f
    java.lang.String zzb() -> g
    long zzd() -> h
    java.lang.String zzc() -> x
com.google.android.gms.internal.firebase_auth.zzfi -> b.c.a.a.e.f.d3:
com.google.android.gms.internal.firebase_auth.zzfj -> b.c.a.a.e.f.e3:
    java.lang.String zzg -> g
    java.lang.String zzf -> f
    java.lang.String zza -> a
    java.lang.String zzc -> c
    java.lang.String zzb -> b
    java.lang.String zze -> e
    java.lang.String zzd -> d
    java.lang.String zza() -> f
    java.lang.String zzb() -> g
    java.lang.String zzd() -> h
    java.lang.String zze() -> t
    android.net.Uri zzc() -> x
    java.lang.String zzf() -> y
    java.lang.String zzg() -> z
com.google.android.gms.internal.firebase_auth.zzfk -> b.c.a.a.e.f.f3: